
Showing logs for build [32mseldonio-mlserver-pr-109-pr-bui-wjs4z-5[0m stage [32mlint[0m and container [32mstep-credential-initializer-rrn7g[0m
{"level":"info","ts":1611940846.81592,"logger":"fallback-logger","caller":"logging/config.go:69","msg":"Fetch GitHub commit ID from kodata failed: open /var/run/ko/refs/heads/0.8.0-ns-support: no such file or directory"}
{"level":"info","ts":1611940846.8163674,"logger":"fallback-logger","caller":"creds-init/main.go:40","msg":"Credentials initialized."}

Showing logs for build [32mseldonio-mlserver-pr-109-pr-bui-wjs4z-5[0m stage [32mlint[0m and container [32mstep-working-dir-initializer-l9bnq[0m
{"level":"info","ts":1611940848.1010826,"logger":"fallback-logger","caller":"logging/config.go:69","msg":"Fetch GitHub commit ID from kodata failed: open /var/run/ko/HEAD: no such file or directory"}
{"level":"info","ts":1611940848.1021829,"logger":"fallback-logger","caller":"bash/main.go:64","msg":"Successfully executed command \"sh -c mkdir -p /workspace/source\"; output "}

Showing logs for build [32mseldonio-mlserver-pr-109-pr-bui-wjs4z-5[0m stage [32mlint[0m and container [32mstep-place-tools[0m

Showing logs for build [32mseldonio-mlserver-pr-109-pr-bui-wjs4z-5[0m stage [32mlint[0m and container [32mstep-git-source-seldonio-mlserver-pr-109-pr-bui-wjs4z-rqrvb[0m
{"level":"info","ts":1611940852.2366145,"logger":"fallback-logger","caller":"logging/config.go:69","msg":"Fetch GitHub commit ID from kodata failed: open /var/run/ko/refs/heads/0.8.0-ns-support: no such file or directory"}
{"level":"info","ts":1611940853.7751236,"logger":"fallback-logger","caller":"git/git.go:103","msg":"Successfully cloned https://github.com/SeldonIO/MLServer.git @ master in path /workspace/source"}

Showing logs for build [32mseldonio-mlserver-pr-109-pr-bui-wjs4z-5[0m stage [32mlint[0m and container [32mstep-setup-builder-home[0m

Showing logs for build [32mseldonio-mlserver-pr-109-pr-bui-wjs4z-5[0m stage [32mlint[0m and container [32mstep-git-merge[0m
Using SHAs from PULL_REFS=master:0b9d1ddd54774fe054ae315bb20178dc375dabb6,109:6da3ab85655d2190a276719963a12e4109368958
DEBUG: JX_LOG_LEVEL=error LC_ALL=C git fetch origin --unshallow 6da3ab85655d2190a276719963a12e4109368958: 0b9d1ddd54774fe054ae315bb20178dc375dabb6:
DEBUG: ran git fetch --unshallow origin 6da3ab85655d2190a276719963a12e4109368958: 0b9d1ddd54774fe054ae315bb20178dc375dabb6: in 
DEBUG: LC_ALL=C JX_LOG_LEVEL=error git branch
DEBUG: JX_LOG_LEVEL=error LC_ALL=C git checkout master
DEBUG: ran git checkout master in 
DEBUG: LC_ALL=C JX_LOG_LEVEL=error git reset --hard 0b9d1ddd54774fe054ae315bb20178dc375dabb6
DEBUG: ran git reset --hard 0b9d1ddd54774fe054ae315bb20178dc375dabb6 in 
DEBUG: LC_ALL=C JX_LOG_LEVEL=error git clean -fd .
DEBUG: ran clean --force -d . in 
DEBUG: LC_ALL=C JX_LOG_LEVEL=error git merge 6da3ab85655d2190a276719963a12e4109368958
DEBUG: ran git merge 6da3ab85655d2190a276719963a12e4109368958 in 
DEBUG: LC_ALL=C JX_LOG_LEVEL=error git log --format=%H%x1f%an%x1f%ae%x1f%cn%x1f%ce%x1f%s%n%b%x1e 0b9d1ddd54774fe054ae315bb20178dc375dabb6..HEAD
Merged SHA 7faaa9bb3a793a5bb7fe8a1067c954b303f0627d with commit message 'Merge commit '6da3ab85655d2190a276719963a12e4109368958'' into base branch master
Merged SHA 6da3ab85655d2190a276719963a12e4109368958 with commit message 'Add some temporary changes while tempo is not published' into base branch master
Merged SHA 62b6925f7c88087fe4ef5b1c04b51ed85548738e with commit message 'Bump version to tempo-specific dev release' into base branch master
Merged SHA 60844b241e593b310e822f026d855b12b6769e12 with commit message 'Add tempo to docs' into base branch master
Merged SHA 64205b92340664d714347d441fc0fa0feb743fc9 with commit message 'Clear all outputs and fix example' into base branch master
Merged SHA ab5329f2eee4969fd78c66e3db516a3706b0c91d with commit message 'Fix tests' into base branch master
Merged SHA 5b6d151a87732824f4dbbfa3a2262976d71e904e with commit message 'Rename example to Tempo' into base branch master
Merged SHA 210672cc6918a763e15aa14c5e37fabd343761ee with commit message 'Rename mlops to tempo' into base branch master
Merged SHA 759f3a2ebe4583b8bfaa97167ed813e6ecd5a574 with commit message 'Update MLOps example' into base branch master
Merged SHA 72eb8653410acfcc2be7e5a2f5b56fa56154d05c with commit message 'Updated mlops runtime' into base branch master
Merged SHA d2c5895d81aeb1985aba2a42926193c9c11ade8e with commit message 'Unpickle using cloudpickle' into base branch master
Merged SHA 95af8ef6a9989e502ea22f5fb102745b3d5f7f11 with commit message 'Add example for mlops pipeline' into base branch master
Merged SHA d2e3777aeabeb5da9613dd2d5cde7aaea99169b4 with commit message 'Use cloudpickle to serialise class object' into base branch master
Merged SHA 72e3560a8c8bc9f8fd0d1c56c60c280ed6c6b20c with commit message 'Add mlserver-mlops to tests' into base branch master
Merged SHA 3788d9344a752c973a762e14b5d3039bada5a5a3 with commit message 'Add runtime for MLOps pipelines' into base branch master

Showing logs for build [32mseldonio-mlserver-pr-109-pr-bui-wjs4z-5[0m stage [32mlint[0m and container [32mstep-step2[0m
pip install -r requirements-dev.txt
Collecting grpcio-tools==1.35.0
  Downloading grpcio_tools-1.35.0-cp36-cp36m-manylinux2014_x86_64.whl (2.5 MB)
Collecting datamodel-code-generator==0.6.17
  Downloading datamodel_code_generator-0.6.17-py3-none-any.whl (165 kB)
Collecting pytest==6.2.0
  Downloading pytest-6.2.0-py3-none-any.whl (279 kB)
Collecting pytest-asyncio==0.14.0
  Downloading pytest_asyncio-0.14.0-py3-none-any.whl (11 kB)
Collecting tox==3.21.0
  Downloading tox-3.21.0-py2.py3-none-any.whl (84 kB)
Collecting flake8==3.8.3
  Downloading flake8-3.8.3-py2.py3-none-any.whl (72 kB)
Collecting flake8-black==0.2.1
  Downloading flake8-black-0.2.1.tar.gz (9.1 kB)
Collecting mypy==0.790
  Downloading mypy-0.790-cp36-cp36m-manylinux1_x86_64.whl (21.0 MB)
Collecting mypy-protobuf==1.23
  Downloading mypy_protobuf-1.23-py3-none-any.whl (7.4 kB)
Collecting black==20.8b1
  Downloading black-20.8b1.tar.gz (1.1 MB)
  Installing build dependencies: started
  Installing build dependencies: finished with status 'done'
  Getting requirements to build wheel: started
  Getting requirements to build wheel: finished with status 'done'
    Preparing wheel metadata: started
    Preparing wheel metadata: finished with status 'done'
Collecting twine==3.3.0
  Downloading twine-3.3.0-py3-none-any.whl (34 kB)
Collecting pip-licenses==3.3.0
  Downloading pip_licenses-3.3.0-py3-none-any.whl (16 kB)
Requirement already satisfied: setuptools in /usr/local/lib/python3.6/site-packages (from grpcio-tools==1.35.0->-r requirements-dev.txt (line 2)) (50.3.0)
Collecting grpcio>=1.35.0
  Downloading grpcio-1.35.0-cp36-cp36m-manylinux2014_x86_64.whl (4.1 MB)
Requirement already satisfied: protobuf<4.0dev,>=3.5.0.post1 in /usr/local/lib/python3.6/site-packages (from grpcio-tools==1.35.0->-r requirements-dev.txt (line 2)) (3.13.0)
Collecting isort<6.0,>=4.3.21
  Downloading isort-5.7.0-py3-none-any.whl (104 kB)
Collecting openapi-spec-validator<0.3,>=0.2.8
  Downloading openapi_spec_validator-0.2.9-py3-none-any.whl (25 kB)
Collecting prance<1.0,>=0.18.2
  Downloading prance-0.20.2-py2.py3-none-any.whl (34 kB)
Collecting argcomplete<2.0,>=1.10
  Downloading argcomplete-1.12.2-py2.py3-none-any.whl (38 kB)
Collecting toml<1.0.0,>=0.10.0
  Downloading toml-0.10.2-py2.py3-none-any.whl (16 kB)
Collecting PySnooper<1.0.0,>=0.4.1
  Downloading PySnooper-0.4.2-py2.py3-none-any.whl (14 kB)
Collecting inflect<5.0,>=4.1.0
  Downloading inflect-4.1.1-py3-none-any.whl (31 kB)
Collecting genson<2.0,>=1.2.1
  Downloading genson-1.2.2.tar.gz (34 kB)
Collecting pydantic[email]<2.0,>=1.5.1; python_version < "3.9"
  Downloading pydantic-1.7.3-cp36-cp36m-manylinux2014_x86_64.whl (9.2 MB)
Requirement already satisfied: jinja2<3.0,>=2.10.1 in /usr/local/lib/python3.6/site-packages (from datamodel-code-generator==0.6.17->-r requirements-dev.txt (line 3)) (2.11.2)
Requirement already satisfied: attrs>=19.2.0 in /usr/local/lib/python3.6/site-packages (from pytest==6.2.0->-r requirements-dev.txt (line 6)) (20.2.0)
Requirement already satisfied: packaging in /usr/local/lib/python3.6/site-packages (from pytest==6.2.0->-r requirements-dev.txt (line 6)) (20.4)
Requirement already satisfied: importlib-metadata>=0.12; python_version < "3.8" in /usr/local/lib/python3.6/site-packages (from pytest==6.2.0->-r requirements-dev.txt (line 6)) (1.7.0)
Collecting iniconfig
  Downloading iniconfig-1.1.1-py2.py3-none-any.whl (5.0 kB)
Requirement already satisfied: pluggy<1.0.0a1,>=0.12 in /usr/local/lib/python3.6/site-packages (from pytest==6.2.0->-r requirements-dev.txt (line 6)) (0.13.1)
Requirement already satisfied: py>=1.8.2 in /usr/local/lib/python3.6/site-packages (from pytest==6.2.0->-r requirements-dev.txt (line 6)) (1.9.0)
Collecting filelock>=3.0.0
  Downloading filelock-3.0.12-py3-none-any.whl (7.6 kB)
Collecting virtualenv!=20.0.0,!=20.0.1,!=20.0.2,!=20.0.3,!=20.0.4,!=20.0.5,!=20.0.6,!=20.0.7,>=16.0.0
  Downloading virtualenv-20.4.0-py2.py3-none-any.whl (5.7 MB)
Requirement already satisfied: six>=1.14.0 in /usr/local/lib/python3.6/site-packages (from tox==3.21.0->-r requirements-dev.txt (line 8)) (1.15.0)
Collecting pyflakes<2.3.0,>=2.2.0
  Downloading pyflakes-2.2.0-py2.py3-none-any.whl (66 kB)
Collecting mccabe<0.7.0,>=0.6.0
  Downloading mccabe-0.6.1-py2.py3-none-any.whl (8.6 kB)
Collecting pycodestyle<2.7.0,>=2.6.0a1
  Downloading pycodestyle-2.6.0-py2.py3-none-any.whl (41 kB)
Collecting typed-ast<1.5.0,>=1.4.0
  Downloading typed_ast-1.4.2-cp36-cp36m-manylinux1_x86_64.whl (743 kB)
Collecting mypy-extensions<0.5.0,>=0.4.3
  Downloading mypy_extensions-0.4.3-py2.py3-none-any.whl (4.5 kB)
Requirement already satisfied: typing-extensions>=3.7.4 in /usr/local/lib/python3.6/site-packages (from mypy==0.790->-r requirements-dev.txt (line 13)) (3.7.4.3)
Collecting appdirs
  Downloading appdirs-1.4.4-py2.py3-none-any.whl (9.6 kB)
Collecting pathspec<1,>=0.6
  Downloading pathspec-0.8.1-py2.py3-none-any.whl (28 kB)
Collecting click>=7.1.2
  Downloading click-7.1.2-py2.py3-none-any.whl (82 kB)
Collecting regex>=2020.1.8
  Downloading regex-2020.11.13-cp36-cp36m-manylinux2014_x86_64.whl (723 kB)
Collecting dataclasses>=0.6; python_version < "3.7"
  Downloading dataclasses-0.8-py3-none-any.whl (19 kB)
Collecting requests-toolbelt!=0.9.0,>=0.8.0
  Downloading requests_toolbelt-0.9.1-py2.py3-none-any.whl (54 kB)
Requirement already satisfied: requests>=2.20 in /usr/local/lib/python3.6/site-packages (from twine==3.3.0->-r requirements-dev.txt (line 18)) (2.24.0)
Requirement already satisfied: tqdm>=4.14 in /usr/local/lib/python3.6/site-packages (from twine==3.3.0->-r requirements-dev.txt (line 18)) (4.49.0)
Collecting colorama>=0.4.3
  Downloading colorama-0.4.4-py2.py3-none-any.whl (16 kB)
Collecting rfc3986>=1.4.0
  Downloading rfc3986-1.4.0-py2.py3-none-any.whl (31 kB)
Collecting keyring>=15.1
  Downloading keyring-22.0.1-py3-none-any.whl (32 kB)
Collecting pkginfo>=1.4.2
  Downloading pkginfo-1.7.0-py2.py3-none-any.whl (25 kB)
Collecting readme-renderer>=21.0
  Downloading readme_renderer-28.0-py2.py3-none-any.whl (15 kB)
Collecting PTable
  Downloading PTable-0.9.2.tar.gz (31 kB)
Requirement already satisfied: PyYAML>=5.1 in /usr/local/lib/python3.6/site-packages (from openapi-spec-validator<0.3,>=0.2.8->datamodel-code-generator==0.6.17->-r requirements-dev.txt (line 3)) (5.3.1)
Requirement already satisfied: jsonschema in /usr/local/lib/python3.6/site-packages (from openapi-spec-validator<0.3,>=0.2.8->datamodel-code-generator==0.6.17->-r requirements-dev.txt (line 3)) (3.2.0)
Collecting chardet~=4.0
  Downloading chardet-4.0.0-py2.py3-none-any.whl (178 kB)
Collecting semver~=2.13
  Downloading semver-2.13.0-py2.py3-none-any.whl (12 kB)
Collecting email-validator>=1.0.3; extra == "email"
  Downloading email_validator-1.1.2-py2.py3-none-any.whl (17 kB)
Requirement already satisfied: MarkupSafe>=0.23 in /usr/local/lib/python3.6/site-packages (from jinja2<3.0,>=2.10.1->datamodel-code-generator==0.6.17->-r requirements-dev.txt (line 3)) (1.1.1)
Requirement already satisfied: pyparsing>=2.0.2 in /usr/local/lib/python3.6/site-packages (from packaging->pytest==6.2.0->-r requirements-dev.txt (line 6)) (2.4.7)
Requirement already satisfied: zipp>=0.5 in /usr/local/lib/python3.6/site-packages (from importlib-metadata>=0.12; python_version < "3.8"->pytest==6.2.0->-r requirements-dev.txt (line 6)) (3.1.0)
Collecting importlib-resources>=1.0; python_version < "3.7"
  Downloading importlib_resources-5.1.0-py3-none-any.whl (24 kB)
Collecting distlib<1,>=0.3.1
  Downloading distlib-0.3.1-py2.py3-none-any.whl (335 kB)
Requirement already satisfied: idna<3,>=2.5 in /usr/local/lib/python3.6/site-packages (from requests>=2.20->twine==3.3.0->-r requirements-dev.txt (line 18)) (2.10)
Requirement already satisfied: urllib3!=1.25.0,!=1.25.1,<1.26,>=1.21.1 in /usr/local/lib/python3.6/site-packages (from requests>=2.20->twine==3.3.0->-r requirements-dev.txt (line 18)) (1.25.10)
Requirement already satisfied: certifi>=2017.4.17 in /usr/local/lib/python3.6/site-packages (from requests>=2.20->twine==3.3.0->-r requirements-dev.txt (line 18)) (2020.6.20)
Collecting SecretStorage>=3.2; sys_platform == "linux"
  Downloading SecretStorage-3.3.0-py3-none-any.whl (14 kB)
Collecting jeepney>=0.4.2; sys_platform == "linux"
  Downloading jeepney-0.6.0-py3-none-any.whl (45 kB)
Collecting docutils>=0.13.1
  Downloading docutils-0.16-py2.py3-none-any.whl (548 kB)
Requirement already satisfied: Pygments>=2.5.1 in /usr/local/lib/python3.6/site-packages (from readme-renderer>=21.0->twine==3.3.0->-r requirements-dev.txt (line 18)) (2.7.1)
Requirement already satisfied: bleach>=2.1.0 in /usr/local/lib/python3.6/site-packages (from readme-renderer>=21.0->twine==3.3.0->-r requirements-dev.txt (line 18)) (3.2.0)
Requirement already satisfied: pyrsistent>=0.14.0 in /usr/local/lib/python3.6/site-packages (from jsonschema->openapi-spec-validator<0.3,>=0.2.8->datamodel-code-generator==0.6.17->-r requirements-dev.txt (line 3)) (0.17.3)
Collecting dnspython>=1.15.0
  Downloading dnspython-2.1.0-py3-none-any.whl (241 kB)
Collecting cryptography>=2.0
  Downloading cryptography-3.3.1-cp36-abi3-manylinux2010_x86_64.whl (2.6 MB)
Requirement already satisfied: webencodings in /usr/local/lib/python3.6/site-packages (from bleach>=2.1.0->readme-renderer>=21.0->twine==3.3.0->-r requirements-dev.txt (line 18)) (0.5.1)
Requirement already satisfied: cffi>=1.12 in /usr/local/lib/python3.6/site-packages (from cryptography>=2.0->SecretStorage>=3.2; sys_platform == "linux"->keyring>=15.1->twine==3.3.0->-r requirements-dev.txt (line 18)) (1.14.2)
Requirement already satisfied: pycparser in /usr/local/lib/python3.6/site-packages (from cffi>=1.12->cryptography>=2.0->SecretStorage>=3.2; sys_platform == "linux"->keyring>=15.1->twine==3.3.0->-r requirements-dev.txt (line 18)) (2.20)
Building wheels for collected packages: flake8-black, black, genson, PTable
  Building wheel for flake8-black (setup.py): started
  Building wheel for flake8-black (setup.py): finished with status 'done'
  Created wheel for flake8-black: filename=flake8_black-0.2.1-py2.py3-none-any.whl size=8873 sha256=d6b4e37a453beda6cdb2802f059cab8d4ea391bb66257c16aec9afabc352f090
  Stored in directory: /builder/home/.cache/pip/wheels/f3/71/20/4bcba7c464da12f8e2d5009d9da66d732d32498be89b8f9d10
  Building wheel for black (PEP 517): started
  Building wheel for black (PEP 517): finished with status 'done'
  Created wheel for black: filename=black-20.8b1-py3-none-any.whl size=124184 sha256=970bfeca7554c86c708870be0c8a041fe254cf15b152cca765a5d9b0add3940c
  Stored in directory: /builder/home/.cache/pip/wheels/dd/c8/94/e774504958e4667180d81202d1d45cdc35d6222ae39229871b
  Building wheel for genson (setup.py): started
  Building wheel for genson (setup.py): finished with status 'done'
  Created wheel for genson: filename=genson-1.2.2-py2.py3-none-any.whl size=21261 sha256=f861bddff92991b285f99dcd7cda5bc728b7f5159e29fb56d9c19003b84d4c29
  Stored in directory: /builder/home/.cache/pip/wheels/17/8e/f6/70b78333e594fdb9a14a41c225743d4cad09bcdbf9ebd3a90b
  Building wheel for PTable (setup.py): started
  Building wheel for PTable (setup.py): finished with status 'done'
  Created wheel for PTable: filename=PTable-0.9.2-py3-none-any.whl size=22907 sha256=4d00707f78fc8dbde07a1ab19ae07ccff7ca3ac599f79329f5b382a067ac5bb5
  Stored in directory: /builder/home/.cache/pip/wheels/f3/65/67/71f473ec87ea4554d1bdfb1b5128cfe1414c2b113b72a1ee8e
Successfully built flake8-black black genson PTable
Installing collected packages: grpcio, grpcio-tools, isort, openapi-spec-validator, chardet, semver, prance, argcomplete, toml, PySnooper, typed-ast, appdirs, pathspec, click, regex, mypy-extensions, dataclasses, black, inflect, genson, dnspython, email-validator, pydantic, datamodel-code-generator, iniconfig, pytest, pytest-asyncio, filelock, importlib-resources, distlib, virtualenv, tox, pyflakes, mccabe, pycodestyle, flake8, flake8-black, mypy, mypy-protobuf, requests-toolbelt, colorama, rfc3986, jeepney, cryptography, SecretStorage, keyring, pkginfo, docutils, readme-renderer, twine, PTable, pip-licenses
  Attempting uninstall: grpcio
    Found existing installation: grpcio 1.32.0
    Uninstalling grpcio-1.32.0:
      Successfully uninstalled grpcio-1.32.0
  Attempting uninstall: grpcio-tools
    Found existing installation: grpcio-tools 1.32.0
    Uninstalling grpcio-tools-1.32.0:
      Successfully uninstalled grpcio-tools-1.32.0
  Attempting uninstall: chardet
    Found existing installation: chardet 3.0.4
    Uninstalling chardet-3.0.4:
      Successfully uninstalled chardet-3.0.4
  Attempting uninstall: pytest
    Found existing installation: pytest 5.3.1
    Uninstalling pytest-5.3.1:
      Successfully uninstalled pytest-5.3.1
ERROR: After October 2020 you may experience errors when installing or updating packages. This is because pip will change the way that it resolves dependency conflicts.

We recommend you use --use-feature=2020-resolver to test your packages with the new resolver before it becomes the default.

requests 2.24.0 requires chardet<4,>=3.0.2, but you'll have chardet 4.0.0 which is incompatible.
alibi 0.5.2 requires tensorflow>=2.0, but you'll have tensorflow 1.15.2 which is incompatible.
prance 0.20.2 requires requests~=2.25, but you'll have requests 2.24.0 which is incompatible.
Successfully installed PTable-0.9.2 PySnooper-0.4.2 SecretStorage-3.3.0 appdirs-1.4.4 argcomplete-1.12.2 black-20.8b1 chardet-4.0.0 click-7.1.2 colorama-0.4.4 cryptography-3.3.1 dataclasses-0.8 datamodel-code-generator-0.6.17 distlib-0.3.1 dnspython-2.1.0 docutils-0.16 email-validator-1.1.2 filelock-3.0.12 flake8-3.8.3 flake8-black-0.2.1 genson-1.2.2 grpcio-1.35.0 grpcio-tools-1.35.0 importlib-resources-5.1.0 inflect-4.1.1 iniconfig-1.1.1 isort-5.7.0 jeepney-0.6.0 keyring-22.0.1 mccabe-0.6.1 mypy-0.790 mypy-extensions-0.4.3 mypy-protobuf-1.23 openapi-spec-validator-0.2.9 pathspec-0.8.1 pip-licenses-3.3.0 pkginfo-1.7.0 prance-0.20.2 pycodestyle-2.6.0 pydantic-1.7.3 pyflakes-2.2.0 pytest-6.2.0 pytest-asyncio-0.14.0 readme-renderer-28.0 regex-2020.11.13 requests-toolbelt-0.9.1 rfc3986-1.4.0 semver-2.13.0 toml-0.10.2 tox-3.21.0 twine-3.3.0 typed-ast-1.4.2 virtualenv-20.4.0
WARNING: You are using pip version 20.2.3; however, version 21.0 is available.
You should consider upgrading via the '/usr/local/bin/python -m pip install --upgrade pip' command.
pip install --editable .
Obtaining file:///workspace/source
Requirement already satisfied: grpcio==1.35.0 in /usr/local/lib/python3.6/site-packages (from mlserver===0.3.0.dev0.tempo) (1.35.0)
Collecting protobuf==3.14.0
  Downloading protobuf-3.14.0-cp36-cp36m-manylinux1_x86_64.whl (1.0 MB)
Collecting fastapi==0.63.0
  Downloading fastapi-0.63.0-py3-none-any.whl (50 kB)
Collecting uvicorn==0.13.3
  Downloading uvicorn-0.13.3-py3-none-any.whl (45 kB)
Collecting orjson==3.4.6
  Downloading orjson-3.4.6-cp36-cp36m-manylinux2014_x86_64.whl (233 kB)
Requirement already satisfied: click==7.1.2 in /usr/local/lib/python3.6/site-packages (from mlserver===0.3.0.dev0.tempo) (7.1.2)
Requirement already satisfied: six>=1.5.2 in /usr/local/lib/python3.6/site-packages (from grpcio==1.35.0->mlserver===0.3.0.dev0.tempo) (1.15.0)
Requirement already satisfied: pydantic<2.0.0,>=1.0.0 in /usr/local/lib/python3.6/site-packages (from fastapi==0.63.0->mlserver===0.3.0.dev0.tempo) (1.7.3)
Collecting starlette==0.13.6
  Downloading starlette-0.13.6-py3-none-any.whl (59 kB)
Requirement already satisfied: typing-extensions; python_version < "3.8" in /usr/local/lib/python3.6/site-packages (from uvicorn==0.13.3->mlserver===0.3.0.dev0.tempo) (3.7.4.3)
Collecting h11>=0.8
  Downloading h11-0.12.0-py3-none-any.whl (54 kB)
Requirement already satisfied: dataclasses>=0.6; python_version < "3.7" in /usr/local/lib/python3.6/site-packages (from pydantic<2.0.0,>=1.0.0->fastapi==0.63.0->mlserver===0.3.0.dev0.tempo) (0.8)
Installing collected packages: protobuf, starlette, fastapi, h11, uvicorn, orjson, mlserver
  Attempting uninstall: protobuf
    Found existing installation: protobuf 3.13.0
    Uninstalling protobuf-3.13.0:
      Successfully uninstalled protobuf-3.13.0
  Running setup.py develop for mlserver
ERROR: After October 2020 you may experience errors when installing or updating packages. This is because pip will change the way that it resolves dependency conflicts.

We recommend you use --use-feature=2020-resolver to test your packages with the new resolver before it becomes the default.

alibi 0.5.2 requires tensorflow>=2.0, but you'll have tensorflow 1.15.2 which is incompatible.
Successfully installed fastapi-0.63.0 h11-0.12.0 mlserver orjson-3.4.6 protobuf-3.14.0 starlette-0.13.6 uvicorn-0.13.3
WARNING: You are using pip version 20.2.3; however, version 21.0 is available.
You should consider upgrading via the '/usr/local/bin/python -m pip install --upgrade pip' command.
pip install --editable ./runtimes/sklearn
Obtaining file:///workspace/source/runtimes/sklearn
Requirement already satisfied: mlserver in /workspace/source (from mlserver-sklearn===0.3.0.dev0.tempo) (0.3.0.dev0.tempo)
Collecting scikit-learn==0.23.1
  Downloading scikit_learn-0.23.1-cp36-cp36m-manylinux1_x86_64.whl (6.8 MB)
Requirement already satisfied: joblib==0.16.0 in /usr/local/lib/python3.6/site-packages (from mlserver-sklearn===0.3.0.dev0.tempo) (0.16.0)
Requirement already satisfied: grpcio==1.35.0 in /usr/local/lib/python3.6/site-packages (from mlserver->mlserver-sklearn===0.3.0.dev0.tempo) (1.35.0)
Requirement already satisfied: protobuf==3.14.0 in /usr/local/lib/python3.6/site-packages (from mlserver->mlserver-sklearn===0.3.0.dev0.tempo) (3.14.0)
Requirement already satisfied: fastapi==0.63.0 in /usr/local/lib/python3.6/site-packages (from mlserver->mlserver-sklearn===0.3.0.dev0.tempo) (0.63.0)
Requirement already satisfied: uvicorn==0.13.3 in /usr/local/lib/python3.6/site-packages (from mlserver->mlserver-sklearn===0.3.0.dev0.tempo) (0.13.3)
Requirement already satisfied: orjson==3.4.6 in /usr/local/lib/python3.6/site-packages (from mlserver->mlserver-sklearn===0.3.0.dev0.tempo) (3.4.6)
Requirement already satisfied: click==7.1.2 in /usr/local/lib/python3.6/site-packages (from mlserver->mlserver-sklearn===0.3.0.dev0.tempo) (7.1.2)
Requirement already satisfied: threadpoolctl>=2.0.0 in /usr/local/lib/python3.6/site-packages (from scikit-learn==0.23.1->mlserver-sklearn===0.3.0.dev0.tempo) (2.1.0)
Requirement already satisfied: scipy>=0.19.1 in /usr/local/lib/python3.6/site-packages (from scikit-learn==0.23.1->mlserver-sklearn===0.3.0.dev0.tempo) (1.5.2)
Requirement already satisfied: numpy>=1.13.3 in /usr/local/lib/python3.6/site-packages (from scikit-learn==0.23.1->mlserver-sklearn===0.3.0.dev0.tempo) (1.19.2)
Requirement already satisfied: six>=1.5.2 in /usr/local/lib/python3.6/site-packages (from grpcio==1.35.0->mlserver->mlserver-sklearn===0.3.0.dev0.tempo) (1.15.0)
Requirement already satisfied: starlette==0.13.6 in /usr/local/lib/python3.6/site-packages (from fastapi==0.63.0->mlserver->mlserver-sklearn===0.3.0.dev0.tempo) (0.13.6)
Requirement already satisfied: pydantic<2.0.0,>=1.0.0 in /usr/local/lib/python3.6/site-packages (from fastapi==0.63.0->mlserver->mlserver-sklearn===0.3.0.dev0.tempo) (1.7.3)
Requirement already satisfied: h11>=0.8 in /usr/local/lib/python3.6/site-packages (from uvicorn==0.13.3->mlserver->mlserver-sklearn===0.3.0.dev0.tempo) (0.12.0)
Requirement already satisfied: typing-extensions; python_version < "3.8" in /usr/local/lib/python3.6/site-packages (from uvicorn==0.13.3->mlserver->mlserver-sklearn===0.3.0.dev0.tempo) (3.7.4.3)
Requirement already satisfied: dataclasses>=0.6; python_version < "3.7" in /usr/local/lib/python3.6/site-packages (from pydantic<2.0.0,>=1.0.0->fastapi==0.63.0->mlserver->mlserver-sklearn===0.3.0.dev0.tempo) (0.8)
Installing collected packages: scikit-learn, mlserver-sklearn
  Attempting uninstall: scikit-learn
    Found existing installation: scikit-learn 0.23.2
    Uninstalling scikit-learn-0.23.2:
      Successfully uninstalled scikit-learn-0.23.2
  Running setup.py develop for mlserver-sklearn
ERROR: After October 2020 you may experience errors when installing or updating packages. This is because pip will change the way that it resolves dependency conflicts.

We recommend you use --use-feature=2020-resolver to test your packages with the new resolver before it becomes the default.

alibi 0.5.2 requires tensorflow>=2.0, but you'll have tensorflow 1.15.2 which is incompatible.
Successfully installed mlserver-sklearn scikit-learn-0.23.1
WARNING: You are using pip version 20.2.3; however, version 21.0 is available.
You should consider upgrading via the '/usr/local/bin/python -m pip install --upgrade pip' command.
pip install --editable ./runtimes/xgboost
Obtaining file:///workspace/source/runtimes/xgboost
Requirement already satisfied: mlserver in /workspace/source (from mlserver-xgboost===0.3.0.dev0.tempo) (0.3.0.dev0.tempo)
Collecting xgboost==1.1.1
  Downloading xgboost-1.1.1-py3-none-manylinux2010_x86_64.whl (127.6 MB)
Requirement already satisfied: grpcio==1.35.0 in /usr/local/lib/python3.6/site-packages (from mlserver->mlserver-xgboost===0.3.0.dev0.tempo) (1.35.0)
Requirement already satisfied: protobuf==3.14.0 in /usr/local/lib/python3.6/site-packages (from mlserver->mlserver-xgboost===0.3.0.dev0.tempo) (3.14.0)
Requirement already satisfied: fastapi==0.63.0 in /usr/local/lib/python3.6/site-packages (from mlserver->mlserver-xgboost===0.3.0.dev0.tempo) (0.63.0)
Requirement already satisfied: uvicorn==0.13.3 in /usr/local/lib/python3.6/site-packages (from mlserver->mlserver-xgboost===0.3.0.dev0.tempo) (0.13.3)
Requirement already satisfied: orjson==3.4.6 in /usr/local/lib/python3.6/site-packages (from mlserver->mlserver-xgboost===0.3.0.dev0.tempo) (3.4.6)
Requirement already satisfied: click==7.1.2 in /usr/local/lib/python3.6/site-packages (from mlserver->mlserver-xgboost===0.3.0.dev0.tempo) (7.1.2)
Requirement already satisfied: scipy in /usr/local/lib/python3.6/site-packages (from xgboost==1.1.1->mlserver-xgboost===0.3.0.dev0.tempo) (1.5.2)
Requirement already satisfied: numpy in /usr/local/lib/python3.6/site-packages (from xgboost==1.1.1->mlserver-xgboost===0.3.0.dev0.tempo) (1.19.2)
Requirement already satisfied: six>=1.5.2 in /usr/local/lib/python3.6/site-packages (from grpcio==1.35.0->mlserver->mlserver-xgboost===0.3.0.dev0.tempo) (1.15.0)
Requirement already satisfied: pydantic<2.0.0,>=1.0.0 in /usr/local/lib/python3.6/site-packages (from fastapi==0.63.0->mlserver->mlserver-xgboost===0.3.0.dev0.tempo) (1.7.3)
Requirement already satisfied: starlette==0.13.6 in /usr/local/lib/python3.6/site-packages (from fastapi==0.63.0->mlserver->mlserver-xgboost===0.3.0.dev0.tempo) (0.13.6)
Requirement already satisfied: h11>=0.8 in /usr/local/lib/python3.6/site-packages (from uvicorn==0.13.3->mlserver->mlserver-xgboost===0.3.0.dev0.tempo) (0.12.0)
Requirement already satisfied: typing-extensions; python_version < "3.8" in /usr/local/lib/python3.6/site-packages (from uvicorn==0.13.3->mlserver->mlserver-xgboost===0.3.0.dev0.tempo) (3.7.4.3)
Requirement already satisfied: dataclasses>=0.6; python_version < "3.7" in /usr/local/lib/python3.6/site-packages (from pydantic<2.0.0,>=1.0.0->fastapi==0.63.0->mlserver->mlserver-xgboost===0.3.0.dev0.tempo) (0.8)
Installing collected packages: xgboost, mlserver-xgboost
  Running setup.py develop for mlserver-xgboost
Successfully installed mlserver-xgboost xgboost-1.1.1
WARNING: You are using pip version 20.2.3; however, version 21.0 is available.
You should consider upgrading via the '/usr/local/bin/python -m pip install --upgrade pip' command.
pip install --editable ./runtimes/mllib
Obtaining file:///workspace/source/runtimes/mllib
Requirement already satisfied: mlserver in /workspace/source (from mlserver-mllib===0.3.0.dev0.tempo) (0.3.0.dev0.tempo)
Collecting pyspark==3.0.1
  Downloading pyspark-3.0.1.tar.gz (204.2 MB)
Requirement already satisfied: grpcio==1.35.0 in /usr/local/lib/python3.6/site-packages (from mlserver->mlserver-mllib===0.3.0.dev0.tempo) (1.35.0)
Requirement already satisfied: protobuf==3.14.0 in /usr/local/lib/python3.6/site-packages (from mlserver->mlserver-mllib===0.3.0.dev0.tempo) (3.14.0)
Requirement already satisfied: fastapi==0.63.0 in /usr/local/lib/python3.6/site-packages (from mlserver->mlserver-mllib===0.3.0.dev0.tempo) (0.63.0)
Requirement already satisfied: uvicorn==0.13.3 in /usr/local/lib/python3.6/site-packages (from mlserver->mlserver-mllib===0.3.0.dev0.tempo) (0.13.3)
Requirement already satisfied: orjson==3.4.6 in /usr/local/lib/python3.6/site-packages (from mlserver->mlserver-mllib===0.3.0.dev0.tempo) (3.4.6)
Requirement already satisfied: click==7.1.2 in /usr/local/lib/python3.6/site-packages (from mlserver->mlserver-mllib===0.3.0.dev0.tempo) (7.1.2)
Collecting py4j==0.10.9
  Downloading py4j-0.10.9-py2.py3-none-any.whl (198 kB)
Requirement already satisfied: six>=1.5.2 in /usr/local/lib/python3.6/site-packages (from grpcio==1.35.0->mlserver->mlserver-mllib===0.3.0.dev0.tempo) (1.15.0)
Requirement already satisfied: pydantic<2.0.0,>=1.0.0 in /usr/local/lib/python3.6/site-packages (from fastapi==0.63.0->mlserver->mlserver-mllib===0.3.0.dev0.tempo) (1.7.3)
Requirement already satisfied: starlette==0.13.6 in /usr/local/lib/python3.6/site-packages (from fastapi==0.63.0->mlserver->mlserver-mllib===0.3.0.dev0.tempo) (0.13.6)
Requirement already satisfied: h11>=0.8 in /usr/local/lib/python3.6/site-packages (from uvicorn==0.13.3->mlserver->mlserver-mllib===0.3.0.dev0.tempo) (0.12.0)
Requirement already satisfied: typing-extensions; python_version < "3.8" in /usr/local/lib/python3.6/site-packages (from uvicorn==0.13.3->mlserver->mlserver-mllib===0.3.0.dev0.tempo) (3.7.4.3)
Requirement already satisfied: dataclasses>=0.6; python_version < "3.7" in /usr/local/lib/python3.6/site-packages (from pydantic<2.0.0,>=1.0.0->fastapi==0.63.0->mlserver->mlserver-mllib===0.3.0.dev0.tempo) (0.8)
Building wheels for collected packages: pyspark
  Building wheel for pyspark (setup.py): started
  Building wheel for pyspark (setup.py): finished with status 'done'
  Created wheel for pyspark: filename=pyspark-3.0.1-py2.py3-none-any.whl size=204612243 sha256=14eaca5d671d13bbe8e21922695133041ed81394850fe0bf458e50417858a47f
  Stored in directory: /builder/home/.cache/pip/wheels/32/d6/81/b226c0fb07391610277bc3e3fcc50b24bae5040b71d9dba360
Successfully built pyspark
Installing collected packages: py4j, pyspark, mlserver-mllib
  Running setup.py develop for mlserver-mllib
Successfully installed mlserver-mllib py4j-0.10.9 pyspark-3.0.1
WARNING: You are using pip version 20.2.3; however, version 21.0 is available.
You should consider upgrading via the '/usr/local/bin/python -m pip install --upgrade pip' command.
pip install --editable ./runtimes/lightgbm
Obtaining file:///workspace/source/runtimes/lightgbm
Requirement already satisfied: mlserver in /workspace/source (from mlserver-lightgbm===0.3.0.dev0.tempo) (0.3.0.dev0.tempo)
Collecting lightgbm==2.3.1
  Downloading lightgbm-2.3.1-py2.py3-none-manylinux1_x86_64.whl (1.2 MB)
Collecting pandas==0.25.3
  Downloading pandas-0.25.3-cp36-cp36m-manylinux1_x86_64.whl (10.4 MB)
Requirement already satisfied: grpcio==1.35.0 in /usr/local/lib/python3.6/site-packages (from mlserver->mlserver-lightgbm===0.3.0.dev0.tempo) (1.35.0)
Requirement already satisfied: protobuf==3.14.0 in /usr/local/lib/python3.6/site-packages (from mlserver->mlserver-lightgbm===0.3.0.dev0.tempo) (3.14.0)
Requirement already satisfied: fastapi==0.63.0 in /usr/local/lib/python3.6/site-packages (from mlserver->mlserver-lightgbm===0.3.0.dev0.tempo) (0.63.0)
Requirement already satisfied: uvicorn==0.13.3 in /usr/local/lib/python3.6/site-packages (from mlserver->mlserver-lightgbm===0.3.0.dev0.tempo) (0.13.3)
Requirement already satisfied: orjson==3.4.6 in /usr/local/lib/python3.6/site-packages (from mlserver->mlserver-lightgbm===0.3.0.dev0.tempo) (3.4.6)
Requirement already satisfied: click==7.1.2 in /usr/local/lib/python3.6/site-packages (from mlserver->mlserver-lightgbm===0.3.0.dev0.tempo) (7.1.2)
Requirement already satisfied: numpy in /usr/local/lib/python3.6/site-packages (from lightgbm==2.3.1->mlserver-lightgbm===0.3.0.dev0.tempo) (1.19.2)
Requirement already satisfied: scikit-learn in /usr/local/lib/python3.6/site-packages (from lightgbm==2.3.1->mlserver-lightgbm===0.3.0.dev0.tempo) (0.23.1)
Requirement already satisfied: scipy in /usr/local/lib/python3.6/site-packages (from lightgbm==2.3.1->mlserver-lightgbm===0.3.0.dev0.tempo) (1.5.2)
Requirement already satisfied: python-dateutil>=2.6.1 in /usr/local/lib/python3.6/site-packages (from pandas==0.25.3->mlserver-lightgbm===0.3.0.dev0.tempo) (2.8.1)
Requirement already satisfied: pytz>=2017.2 in /usr/local/lib/python3.6/site-packages (from pandas==0.25.3->mlserver-lightgbm===0.3.0.dev0.tempo) (2020.1)
Requirement already satisfied: six>=1.5.2 in /usr/local/lib/python3.6/site-packages (from grpcio==1.35.0->mlserver->mlserver-lightgbm===0.3.0.dev0.tempo) (1.15.0)
Requirement already satisfied: starlette==0.13.6 in /usr/local/lib/python3.6/site-packages (from fastapi==0.63.0->mlserver->mlserver-lightgbm===0.3.0.dev0.tempo) (0.13.6)
Requirement already satisfied: pydantic<2.0.0,>=1.0.0 in /usr/local/lib/python3.6/site-packages (from fastapi==0.63.0->mlserver->mlserver-lightgbm===0.3.0.dev0.tempo) (1.7.3)
Requirement already satisfied: h11>=0.8 in /usr/local/lib/python3.6/site-packages (from uvicorn==0.13.3->mlserver->mlserver-lightgbm===0.3.0.dev0.tempo) (0.12.0)
Requirement already satisfied: typing-extensions; python_version < "3.8" in /usr/local/lib/python3.6/site-packages (from uvicorn==0.13.3->mlserver->mlserver-lightgbm===0.3.0.dev0.tempo) (3.7.4.3)
Requirement already satisfied: joblib>=0.11 in /usr/local/lib/python3.6/site-packages (from scikit-learn->lightgbm==2.3.1->mlserver-lightgbm===0.3.0.dev0.tempo) (0.16.0)
Requirement already satisfied: threadpoolctl>=2.0.0 in /usr/local/lib/python3.6/site-packages (from scikit-learn->lightgbm==2.3.1->mlserver-lightgbm===0.3.0.dev0.tempo) (2.1.0)
Requirement already satisfied: dataclasses>=0.6; python_version < "3.7" in /usr/local/lib/python3.6/site-packages (from pydantic<2.0.0,>=1.0.0->fastapi==0.63.0->mlserver->mlserver-lightgbm===0.3.0.dev0.tempo) (0.8)
Installing collected packages: lightgbm, pandas, mlserver-lightgbm
  Attempting uninstall: pandas
    Found existing installation: pandas 1.1.2
    Uninstalling pandas-1.1.2:
      Successfully uninstalled pandas-1.1.2
  Running setup.py develop for mlserver-lightgbm
ERROR: After October 2020 you may experience errors when installing or updating packages. This is because pip will change the way that it resolves dependency conflicts.

We recommend you use --use-feature=2020-resolver to test your packages with the new resolver before it becomes the default.

alibi 0.5.2 requires tensorflow>=2.0, but you'll have tensorflow 1.15.2 which is incompatible.
Successfully installed lightgbm-2.3.1 mlserver-lightgbm pandas-0.25.3
WARNING: You are using pip version 20.2.3; however, version 21.0 is available.
You should consider upgrading via the '/usr/local/bin/python -m pip install --upgrade pip' command.
pip install --editable ./runtimes/tempo
Obtaining file:///workspace/source/runtimes/tempo
Requirement already satisfied: mlserver in /workspace/source (from mlserver-tempo===0.3.0.dev0.tempo) (0.3.0.dev0.tempo)
Collecting tempo@ git+ssh://git@github.com/SeldonIO/tempo#egg=tempo
  Cloning ssh://****@github.com/SeldonIO/tempo to /tmp/pip-install-83cxh3pz/tempo
ERROR: Command errored out with exit status 128: git clone -q 'ssh://****@github.com/SeldonIO/tempo' /tmp/pip-install-83cxh3pz/tempo Check the logs for full command output.
WARNING: You are using pip version 20.2.3; however, version 21.0 is available.
You should consider upgrading via the '/usr/local/bin/python -m pip install --upgrade pip' command.
make: *** [Makefile:13: install-dev] Error 1
[31m
Pipeline failed on stage 'lint' : container 'step-step2'. The execution of the pipeline has stopped.[0m

Showing logs for build [32mseldonio-mlserver-pr-109-pr-bui-wjs4z-5[0m stage [32mtest[0m and container [32mstep-credential-initializer-wkk64[0m
{"level":"info","ts":1611940860.5211465,"logger":"fallback-logger","caller":"logging/config.go:69","msg":"Fetch GitHub commit ID from kodata failed: open /var/run/ko/refs/heads/0.8.0-ns-support: no such file or directory"}
{"level":"info","ts":1611940860.522656,"logger":"fallback-logger","caller":"creds-init/main.go:40","msg":"Credentials initialized."}

Showing logs for build [32mseldonio-mlserver-pr-109-pr-bui-wjs4z-5[0m stage [32mtest[0m and container [32mstep-working-dir-initializer-j56nz[0m
{"level":"info","ts":1611940861.9221852,"logger":"fallback-logger","caller":"logging/config.go:69","msg":"Fetch GitHub commit ID from kodata failed: open /var/run/ko/HEAD: no such file or directory"}
{"level":"info","ts":1611940861.9887075,"logger":"fallback-logger","caller":"bash/main.go:64","msg":"Successfully executed command \"sh -c mkdir -p /workspace/source\"; output "}

Showing logs for build [32mseldonio-mlserver-pr-109-pr-bui-wjs4z-5[0m stage [32mtest[0m and container [32mstep-place-tools[0m

Showing logs for build [32mseldonio-mlserver-pr-109-pr-bui-wjs4z-5[0m stage [32mtest[0m and container [32mstep-git-source-seldonio-mlserver-pr-109-pr-bui-wjs4z-6glz2[0m
{"level":"info","ts":1611940866.9722972,"logger":"fallback-logger","caller":"logging/config.go:69","msg":"Fetch GitHub commit ID from kodata failed: open /var/run/ko/refs/heads/0.8.0-ns-support: no such file or directory"}
{"level":"info","ts":1611940869.0214791,"logger":"fallback-logger","caller":"git/git.go:103","msg":"Successfully cloned https://github.com/SeldonIO/MLServer.git @ master in path /workspace/source"}

Showing logs for build [32mseldonio-mlserver-pr-109-pr-bui-wjs4z-5[0m stage [32mtest[0m and container [32mstep-setup-builder-home[0m

Showing logs for build [32mseldonio-mlserver-pr-109-pr-bui-wjs4z-5[0m stage [32mtest[0m and container [32mstep-git-merge[0m
Using SHAs from PULL_REFS=master:0b9d1ddd54774fe054ae315bb20178dc375dabb6,109:6da3ab85655d2190a276719963a12e4109368958
DEBUG: LC_ALL=C JX_LOG_LEVEL=error git fetch origin --unshallow 6da3ab85655d2190a276719963a12e4109368958: 0b9d1ddd54774fe054ae315bb20178dc375dabb6:
DEBUG: ran git fetch --unshallow origin 6da3ab85655d2190a276719963a12e4109368958: 0b9d1ddd54774fe054ae315bb20178dc375dabb6: in 
DEBUG: LC_ALL=C JX_LOG_LEVEL=error git branch
DEBUG: JX_LOG_LEVEL=error LC_ALL=C git checkout master
DEBUG: ran git checkout master in 
DEBUG: LC_ALL=C JX_LOG_LEVEL=error git reset --hard 0b9d1ddd54774fe054ae315bb20178dc375dabb6
DEBUG: ran git reset --hard 0b9d1ddd54774fe054ae315bb20178dc375dabb6 in 
DEBUG: LC_ALL=C JX_LOG_LEVEL=error git clean -fd .
DEBUG: ran clean --force -d . in 
DEBUG: LC_ALL=C JX_LOG_LEVEL=error git merge 6da3ab85655d2190a276719963a12e4109368958
DEBUG: ran git merge 6da3ab85655d2190a276719963a12e4109368958 in 
DEBUG: LC_ALL=C JX_LOG_LEVEL=error git log --format=%H%x1f%an%x1f%ae%x1f%cn%x1f%ce%x1f%s%n%b%x1e 0b9d1ddd54774fe054ae315bb20178dc375dabb6..HEAD
Merged SHA d68154e58096f2cd91878c91bb9acd44e3abbcb4 with commit message 'Merge commit '6da3ab85655d2190a276719963a12e4109368958'' into base branch master
Merged SHA 6da3ab85655d2190a276719963a12e4109368958 with commit message 'Add some temporary changes while tempo is not published' into base branch master
Merged SHA 62b6925f7c88087fe4ef5b1c04b51ed85548738e with commit message 'Bump version to tempo-specific dev release' into base branch master
Merged SHA 60844b241e593b310e822f026d855b12b6769e12 with commit message 'Add tempo to docs' into base branch master
Merged SHA 64205b92340664d714347d441fc0fa0feb743fc9 with commit message 'Clear all outputs and fix example' into base branch master
Merged SHA ab5329f2eee4969fd78c66e3db516a3706b0c91d with commit message 'Fix tests' into base branch master
Merged SHA 5b6d151a87732824f4dbbfa3a2262976d71e904e with commit message 'Rename example to Tempo' into base branch master
Merged SHA 210672cc6918a763e15aa14c5e37fabd343761ee with commit message 'Rename mlops to tempo' into base branch master
Merged SHA 759f3a2ebe4583b8bfaa97167ed813e6ecd5a574 with commit message 'Update MLOps example' into base branch master
Merged SHA 72eb8653410acfcc2be7e5a2f5b56fa56154d05c with commit message 'Updated mlops runtime' into base branch master
Merged SHA d2c5895d81aeb1985aba2a42926193c9c11ade8e with commit message 'Unpickle using cloudpickle' into base branch master
Merged SHA 95af8ef6a9989e502ea22f5fb102745b3d5f7f11 with commit message 'Add example for mlops pipeline' into base branch master
Merged SHA d2e3777aeabeb5da9613dd2d5cde7aaea99169b4 with commit message 'Use cloudpickle to serialise class object' into base branch master
Merged SHA 72e3560a8c8bc9f8fd0d1c56c60c280ed6c6b20c with commit message 'Add mlserver-mlops to tests' into base branch master
Merged SHA 3788d9344a752c973a762e14b5d3039bada5a5a3 with commit message 'Add runtime for MLOps pipelines' into base branch master

Showing logs for build [32mseldonio-mlserver-pr-109-pr-bui-wjs4z-5[0m stage [32mtest[0m and container [32mstep-step2[0m
pip install -r requirements-dev.txt
Collecting grpcio-tools==1.35.0
  Downloading grpcio_tools-1.35.0-cp36-cp36m-manylinux2014_x86_64.whl (2.5 MB)
Collecting datamodel-code-generator==0.6.17
  Downloading datamodel_code_generator-0.6.17-py3-none-any.whl (165 kB)
Collecting pytest==6.2.0
  Downloading pytest-6.2.0-py3-none-any.whl (279 kB)
Collecting pytest-asyncio==0.14.0
  Downloading pytest_asyncio-0.14.0-py3-none-any.whl (11 kB)
Collecting tox==3.21.0
  Downloading tox-3.21.0-py2.py3-none-any.whl (84 kB)
Collecting flake8==3.8.3
  Downloading flake8-3.8.3-py2.py3-none-any.whl (72 kB)
Collecting flake8-black==0.2.1
  Downloading flake8-black-0.2.1.tar.gz (9.1 kB)
Collecting mypy==0.790
  Downloading mypy-0.790-cp36-cp36m-manylinux1_x86_64.whl (21.0 MB)
Collecting mypy-protobuf==1.23
  Downloading mypy_protobuf-1.23-py3-none-any.whl (7.4 kB)
Collecting black==20.8b1
  Downloading black-20.8b1.tar.gz (1.1 MB)
  Installing build dependencies: started
  Installing build dependencies: finished with status 'done'
  Getting requirements to build wheel: started
  Getting requirements to build wheel: finished with status 'done'
    Preparing wheel metadata: started
    Preparing wheel metadata: finished with status 'done'
Collecting twine==3.3.0
  Downloading twine-3.3.0-py3-none-any.whl (34 kB)
Collecting pip-licenses==3.3.0
  Downloading pip_licenses-3.3.0-py3-none-any.whl (16 kB)
Requirement already satisfied: setuptools in /usr/local/lib/python3.6/site-packages (from grpcio-tools==1.35.0->-r requirements-dev.txt (line 2)) (50.3.0)
Requirement already satisfied: protobuf<4.0dev,>=3.5.0.post1 in /usr/local/lib/python3.6/site-packages (from grpcio-tools==1.35.0->-r requirements-dev.txt (line 2)) (3.13.0)
Collecting grpcio>=1.35.0
  Downloading grpcio-1.35.0-cp36-cp36m-manylinux2014_x86_64.whl (4.1 MB)
Collecting isort<6.0,>=4.3.21
  Downloading isort-5.7.0-py3-none-any.whl (104 kB)
Collecting toml<1.0.0,>=0.10.0
  Downloading toml-0.10.2-py2.py3-none-any.whl (16 kB)
Collecting inflect<5.0,>=4.1.0
  Downloading inflect-4.1.1-py3-none-any.whl (31 kB)
Collecting argcomplete<2.0,>=1.10
  Downloading argcomplete-1.12.2-py2.py3-none-any.whl (38 kB)
Collecting prance<1.0,>=0.18.2
  Downloading prance-0.20.2-py2.py3-none-any.whl (34 kB)
Collecting openapi-spec-validator<0.3,>=0.2.8
  Downloading openapi_spec_validator-0.2.9-py3-none-any.whl (25 kB)
Collecting genson<2.0,>=1.2.1
  Downloading genson-1.2.2.tar.gz (34 kB)
Collecting pydantic[email]<2.0,>=1.5.1; python_version < "3.9"
  Downloading pydantic-1.7.3-cp36-cp36m-manylinux2014_x86_64.whl (9.2 MB)
Collecting PySnooper<1.0.0,>=0.4.1
  Downloading PySnooper-0.4.2-py2.py3-none-any.whl (14 kB)
Requirement already satisfied: jinja2<3.0,>=2.10.1 in /usr/local/lib/python3.6/site-packages (from datamodel-code-generator==0.6.17->-r requirements-dev.txt (line 3)) (2.11.2)
Requirement already satisfied: pluggy<1.0.0a1,>=0.12 in /usr/local/lib/python3.6/site-packages (from pytest==6.2.0->-r requirements-dev.txt (line 6)) (0.13.1)
Requirement already satisfied: attrs>=19.2.0 in /usr/local/lib/python3.6/site-packages (from pytest==6.2.0->-r requirements-dev.txt (line 6)) (20.2.0)
Collecting iniconfig
  Downloading iniconfig-1.1.1-py2.py3-none-any.whl (5.0 kB)
Requirement already satisfied: importlib-metadata>=0.12; python_version < "3.8" in /usr/local/lib/python3.6/site-packages (from pytest==6.2.0->-r requirements-dev.txt (line 6)) (1.7.0)
Requirement already satisfied: packaging in /usr/local/lib/python3.6/site-packages (from pytest==6.2.0->-r requirements-dev.txt (line 6)) (20.4)
Requirement already satisfied: py>=1.8.2 in /usr/local/lib/python3.6/site-packages (from pytest==6.2.0->-r requirements-dev.txt (line 6)) (1.9.0)
Requirement already satisfied: six>=1.14.0 in /usr/local/lib/python3.6/site-packages (from tox==3.21.0->-r requirements-dev.txt (line 8)) (1.15.0)
Collecting virtualenv!=20.0.0,!=20.0.1,!=20.0.2,!=20.0.3,!=20.0.4,!=20.0.5,!=20.0.6,!=20.0.7,>=16.0.0
  Downloading virtualenv-20.4.0-py2.py3-none-any.whl (5.7 MB)
Collecting filelock>=3.0.0
  Downloading filelock-3.0.12-py3-none-any.whl (7.6 kB)
Collecting mccabe<0.7.0,>=0.6.0
  Downloading mccabe-0.6.1-py2.py3-none-any.whl (8.6 kB)
Collecting pyflakes<2.3.0,>=2.2.0
  Downloading pyflakes-2.2.0-py2.py3-none-any.whl (66 kB)
Collecting pycodestyle<2.7.0,>=2.6.0a1
  Downloading pycodestyle-2.6.0-py2.py3-none-any.whl (41 kB)
Collecting mypy-extensions<0.5.0,>=0.4.3
  Downloading mypy_extensions-0.4.3-py2.py3-none-any.whl (4.5 kB)
Collecting typed-ast<1.5.0,>=1.4.0
  Downloading typed_ast-1.4.2-cp36-cp36m-manylinux1_x86_64.whl (743 kB)
Requirement already satisfied: typing-extensions>=3.7.4 in /usr/local/lib/python3.6/site-packages (from mypy==0.790->-r requirements-dev.txt (line 13)) (3.7.4.3)
Collecting pathspec<1,>=0.6
  Downloading pathspec-0.8.1-py2.py3-none-any.whl (28 kB)
Collecting click>=7.1.2
  Downloading click-7.1.2-py2.py3-none-any.whl (82 kB)
Collecting dataclasses>=0.6; python_version < "3.7"
  Downloading dataclasses-0.8-py3-none-any.whl (19 kB)
Collecting regex>=2020.1.8
  Downloading regex-2020.11.13-cp36-cp36m-manylinux2014_x86_64.whl (723 kB)
Collecting appdirs
  Downloading appdirs-1.4.4-py2.py3-none-any.whl (9.6 kB)
Collecting pkginfo>=1.4.2
  Downloading pkginfo-1.7.0-py2.py3-none-any.whl (25 kB)
Collecting rfc3986>=1.4.0
  Downloading rfc3986-1.4.0-py2.py3-none-any.whl (31 kB)
Collecting keyring>=15.1
  Downloading keyring-22.0.1-py3-none-any.whl (32 kB)
Collecting colorama>=0.4.3
  Downloading colorama-0.4.4-py2.py3-none-any.whl (16 kB)
Collecting requests-toolbelt!=0.9.0,>=0.8.0
  Downloading requests_toolbelt-0.9.1-py2.py3-none-any.whl (54 kB)
Requirement already satisfied: tqdm>=4.14 in /usr/local/lib/python3.6/site-packages (from twine==3.3.0->-r requirements-dev.txt (line 18)) (4.49.0)
Requirement already satisfied: requests>=2.20 in /usr/local/lib/python3.6/site-packages (from twine==3.3.0->-r requirements-dev.txt (line 18)) (2.24.0)
Collecting readme-renderer>=21.0
  Downloading readme_renderer-28.0-py2.py3-none-any.whl (15 kB)
Collecting PTable
  Downloading PTable-0.9.2.tar.gz (31 kB)
Requirement already satisfied: PyYAML~=5.3 in /usr/local/lib/python3.6/site-packages (from prance<1.0,>=0.18.2->datamodel-code-generator==0.6.17->-r requirements-dev.txt (line 3)) (5.3.1)
Collecting semver~=2.13
  Downloading semver-2.13.0-py2.py3-none-any.whl (12 kB)
Collecting chardet~=4.0
  Downloading chardet-4.0.0-py2.py3-none-any.whl (178 kB)
Requirement already satisfied: jsonschema in /usr/local/lib/python3.6/site-packages (from openapi-spec-validator<0.3,>=0.2.8->datamodel-code-generator==0.6.17->-r requirements-dev.txt (line 3)) (3.2.0)
Collecting email-validator>=1.0.3; extra == "email"
  Downloading email_validator-1.1.2-py2.py3-none-any.whl (17 kB)
Requirement already satisfied: MarkupSafe>=0.23 in /usr/local/lib/python3.6/site-packages (from jinja2<3.0,>=2.10.1->datamodel-code-generator==0.6.17->-r requirements-dev.txt (line 3)) (1.1.1)
Requirement already satisfied: zipp>=0.5 in /usr/local/lib/python3.6/site-packages (from importlib-metadata>=0.12; python_version < "3.8"->pytest==6.2.0->-r requirements-dev.txt (line 6)) (3.1.0)
Requirement already satisfied: pyparsing>=2.0.2 in /usr/local/lib/python3.6/site-packages (from packaging->pytest==6.2.0->-r requirements-dev.txt (line 6)) (2.4.7)
Collecting distlib<1,>=0.3.1
  Downloading distlib-0.3.1-py2.py3-none-any.whl (335 kB)
Collecting importlib-resources>=1.0; python_version < "3.7"
  Downloading importlib_resources-5.1.0-py3-none-any.whl (24 kB)
Collecting SecretStorage>=3.2; sys_platform == "linux"
  Downloading SecretStorage-3.3.0-py3-none-any.whl (14 kB)
Collecting jeepney>=0.4.2; sys_platform == "linux"
  Downloading jeepney-0.6.0-py3-none-any.whl (45 kB)
Requirement already satisfied: urllib3!=1.25.0,!=1.25.1,<1.26,>=1.21.1 in /usr/local/lib/python3.6/site-packages (from requests>=2.20->twine==3.3.0->-r requirements-dev.txt (line 18)) (1.25.10)
Requirement already satisfied: certifi>=2017.4.17 in /usr/local/lib/python3.6/site-packages (from requests>=2.20->twine==3.3.0->-r requirements-dev.txt (line 18)) (2020.6.20)
Requirement already satisfied: idna<3,>=2.5 in /usr/local/lib/python3.6/site-packages (from requests>=2.20->twine==3.3.0->-r requirements-dev.txt (line 18)) (2.10)
Collecting docutils>=0.13.1
  Downloading docutils-0.16-py2.py3-none-any.whl (548 kB)
Requirement already satisfied: bleach>=2.1.0 in /usr/local/lib/python3.6/site-packages (from readme-renderer>=21.0->twine==3.3.0->-r requirements-dev.txt (line 18)) (3.2.0)
Requirement already satisfied: Pygments>=2.5.1 in /usr/local/lib/python3.6/site-packages (from readme-renderer>=21.0->twine==3.3.0->-r requirements-dev.txt (line 18)) (2.7.1)
Requirement already satisfied: pyrsistent>=0.14.0 in /usr/local/lib/python3.6/site-packages (from jsonschema->openapi-spec-validator<0.3,>=0.2.8->datamodel-code-generator==0.6.17->-r requirements-dev.txt (line 3)) (0.17.3)
Collecting dnspython>=1.15.0
  Downloading dnspython-2.1.0-py3-none-any.whl (241 kB)
Collecting cryptography>=2.0
  Downloading cryptography-3.3.1-cp36-abi3-manylinux2010_x86_64.whl (2.6 MB)
Requirement already satisfied: webencodings in /usr/local/lib/python3.6/site-packages (from bleach>=2.1.0->readme-renderer>=21.0->twine==3.3.0->-r requirements-dev.txt (line 18)) (0.5.1)
Requirement already satisfied: cffi>=1.12 in /usr/local/lib/python3.6/site-packages (from cryptography>=2.0->SecretStorage>=3.2; sys_platform == "linux"->keyring>=15.1->twine==3.3.0->-r requirements-dev.txt (line 18)) (1.14.2)
Requirement already satisfied: pycparser in /usr/local/lib/python3.6/site-packages (from cffi>=1.12->cryptography>=2.0->SecretStorage>=3.2; sys_platform == "linux"->keyring>=15.1->twine==3.3.0->-r requirements-dev.txt (line 18)) (2.20)
Building wheels for collected packages: flake8-black, black, genson, PTable
  Building wheel for flake8-black (setup.py): started
  Building wheel for flake8-black (setup.py): finished with status 'done'
  Created wheel for flake8-black: filename=flake8_black-0.2.1-py2.py3-none-any.whl size=8873 sha256=49279dfffcc3f5744d95cf4fbef6836df18452527eaa354054cb396f0285fba2
  Stored in directory: /builder/home/.cache/pip/wheels/f3/71/20/4bcba7c464da12f8e2d5009d9da66d732d32498be89b8f9d10
  Building wheel for black (PEP 517): started
  Building wheel for black (PEP 517): finished with status 'done'
  Created wheel for black: filename=black-20.8b1-py3-none-any.whl size=124184 sha256=77eb89309f3e9091107cdfaab9da83839680c57c8bbb189ca1e1f15f88b30e5f
  Stored in directory: /builder/home/.cache/pip/wheels/dd/c8/94/e774504958e4667180d81202d1d45cdc35d6222ae39229871b
  Building wheel for genson (setup.py): started
  Building wheel for genson (setup.py): finished with status 'done'
  Created wheel for genson: filename=genson-1.2.2-py2.py3-none-any.whl size=21261 sha256=9750688a78b2d89df56745aea25beb5889e0b7302e708ab2abd4e601f577f9da
  Stored in directory: /builder/home/.cache/pip/wheels/17/8e/f6/70b78333e594fdb9a14a41c225743d4cad09bcdbf9ebd3a90b
  Building wheel for PTable (setup.py): started
  Building wheel for PTable (setup.py): finished with status 'done'
  Created wheel for PTable: filename=PTable-0.9.2-py3-none-any.whl size=22907 sha256=e1ee3adf907de301f135a9f48ba75b975d04985d888655f1b11ab86a380d213d
  Stored in directory: /builder/home/.cache/pip/wheels/f3/65/67/71f473ec87ea4554d1bdfb1b5128cfe1414c2b113b72a1ee8e
Successfully built flake8-black black genson PTable
Installing collected packages: grpcio, grpcio-tools, pathspec, click, toml, typed-ast, mypy-extensions, dataclasses, regex, appdirs, black, isort, inflect, argcomplete, semver, chardet, prance, openapi-spec-validator, genson, dnspython, email-validator, pydantic, PySnooper, datamodel-code-generator, iniconfig, pytest, pytest-asyncio, distlib, filelock, importlib-resources, virtualenv, tox, mccabe, pyflakes, pycodestyle, flake8, flake8-black, mypy, mypy-protobuf, pkginfo, rfc3986, cryptography, jeepney, SecretStorage, keyring, colorama, requests-toolbelt, docutils, readme-renderer, twine, PTable, pip-licenses
  Attempting uninstall: grpcio
    Found existing installation: grpcio 1.32.0
    Uninstalling grpcio-1.32.0:
      Successfully uninstalled grpcio-1.32.0
  Attempting uninstall: grpcio-tools
    Found existing installation: grpcio-tools 1.32.0
    Uninstalling grpcio-tools-1.32.0:
      Successfully uninstalled grpcio-tools-1.32.0
  Attempting uninstall: chardet
    Found existing installation: chardet 3.0.4
    Uninstalling chardet-3.0.4:
      Successfully uninstalled chardet-3.0.4
  Attempting uninstall: pytest
    Found existing installation: pytest 5.3.1
    Uninstalling pytest-5.3.1:
      Successfully uninstalled pytest-5.3.1
ERROR: After October 2020 you may experience errors when installing or updating packages. This is because pip will change the way that it resolves dependency conflicts.

We recommend you use --use-feature=2020-resolver to test your packages with the new resolver before it becomes the default.

requests 2.24.0 requires chardet<4,>=3.0.2, but you'll have chardet 4.0.0 which is incompatible.
alibi 0.5.2 requires tensorflow>=2.0, but you'll have tensorflow 1.15.2 which is incompatible.
prance 0.20.2 requires requests~=2.25, but you'll have requests 2.24.0 which is incompatible.
Successfully installed PTable-0.9.2 PySnooper-0.4.2 SecretStorage-3.3.0 appdirs-1.4.4 argcomplete-1.12.2 black-20.8b1 chardet-4.0.0 click-7.1.2 colorama-0.4.4 cryptography-3.3.1 dataclasses-0.8 datamodel-code-generator-0.6.17 distlib-0.3.1 dnspython-2.1.0 docutils-0.16 email-validator-1.1.2 filelock-3.0.12 flake8-3.8.3 flake8-black-0.2.1 genson-1.2.2 grpcio-1.35.0 grpcio-tools-1.35.0 importlib-resources-5.1.0 inflect-4.1.1 iniconfig-1.1.1 isort-5.7.0 jeepney-0.6.0 keyring-22.0.1 mccabe-0.6.1 mypy-0.790 mypy-extensions-0.4.3 mypy-protobuf-1.23 openapi-spec-validator-0.2.9 pathspec-0.8.1 pip-licenses-3.3.0 pkginfo-1.7.0 prance-0.20.2 pycodestyle-2.6.0 pydantic-1.7.3 pyflakes-2.2.0 pytest-6.2.0 pytest-asyncio-0.14.0 readme-renderer-28.0 regex-2020.11.13 requests-toolbelt-0.9.1 rfc3986-1.4.0 semver-2.13.0 toml-0.10.2 tox-3.21.0 twine-3.3.0 typed-ast-1.4.2 virtualenv-20.4.0
WARNING: You are using pip version 20.2.3; however, version 21.0 is available.
You should consider upgrading via the '/usr/local/bin/python -m pip install --upgrade pip' command.
pip install --editable .
Obtaining file:///workspace/source
Requirement already satisfied: grpcio==1.35.0 in /usr/local/lib/python3.6/site-packages (from mlserver===0.3.0.dev0.tempo) (1.35.0)
Collecting protobuf==3.14.0
  Downloading protobuf-3.14.0-cp36-cp36m-manylinux1_x86_64.whl (1.0 MB)
Collecting fastapi==0.63.0
  Downloading fastapi-0.63.0-py3-none-any.whl (50 kB)
Collecting uvicorn==0.13.3
  Downloading uvicorn-0.13.3-py3-none-any.whl (45 kB)
Collecting orjson==3.4.6
  Downloading orjson-3.4.6-cp36-cp36m-manylinux2014_x86_64.whl (233 kB)
Requirement already satisfied: click==7.1.2 in /usr/local/lib/python3.6/site-packages (from mlserver===0.3.0.dev0.tempo) (7.1.2)
Requirement already satisfied: six>=1.5.2 in /usr/local/lib/python3.6/site-packages (from grpcio==1.35.0->mlserver===0.3.0.dev0.tempo) (1.15.0)
Collecting starlette==0.13.6
  Downloading starlette-0.13.6-py3-none-any.whl (59 kB)
Requirement already satisfied: pydantic<2.0.0,>=1.0.0 in /usr/local/lib/python3.6/site-packages (from fastapi==0.63.0->mlserver===0.3.0.dev0.tempo) (1.7.3)
Collecting h11>=0.8
  Downloading h11-0.12.0-py3-none-any.whl (54 kB)
Requirement already satisfied: typing-extensions; python_version < "3.8" in /usr/local/lib/python3.6/site-packages (from uvicorn==0.13.3->mlserver===0.3.0.dev0.tempo) (3.7.4.3)
Requirement already satisfied: dataclasses>=0.6; python_version < "3.7" in /usr/local/lib/python3.6/site-packages (from pydantic<2.0.0,>=1.0.0->fastapi==0.63.0->mlserver===0.3.0.dev0.tempo) (0.8)
Installing collected packages: protobuf, starlette, fastapi, h11, uvicorn, orjson, mlserver
  Attempting uninstall: protobuf
    Found existing installation: protobuf 3.13.0
    Uninstalling protobuf-3.13.0:
      Successfully uninstalled protobuf-3.13.0
  Running setup.py develop for mlserver
ERROR: After October 2020 you may experience errors when installing or updating packages. This is because pip will change the way that it resolves dependency conflicts.

We recommend you use --use-feature=2020-resolver to test your packages with the new resolver before it becomes the default.

alibi 0.5.2 requires tensorflow>=2.0, but you'll have tensorflow 1.15.2 which is incompatible.
Successfully installed fastapi-0.63.0 h11-0.12.0 mlserver orjson-3.4.6 protobuf-3.14.0 starlette-0.13.6 uvicorn-0.13.3
WARNING: You are using pip version 20.2.3; however, version 21.0 is available.
You should consider upgrading via the '/usr/local/bin/python -m pip install --upgrade pip' command.
pip install --editable ./runtimes/sklearn
Obtaining file:///workspace/source/runtimes/sklearn
Requirement already satisfied: mlserver in /workspace/source (from mlserver-sklearn===0.3.0.dev0.tempo) (0.3.0.dev0.tempo)
Collecting scikit-learn==0.23.1
  Downloading scikit_learn-0.23.1-cp36-cp36m-manylinux1_x86_64.whl (6.8 MB)
Requirement already satisfied: joblib==0.16.0 in /usr/local/lib/python3.6/site-packages (from mlserver-sklearn===0.3.0.dev0.tempo) (0.16.0)
Requirement already satisfied: grpcio==1.35.0 in /usr/local/lib/python3.6/site-packages (from mlserver->mlserver-sklearn===0.3.0.dev0.tempo) (1.35.0)
Requirement already satisfied: protobuf==3.14.0 in /usr/local/lib/python3.6/site-packages (from mlserver->mlserver-sklearn===0.3.0.dev0.tempo) (3.14.0)
Requirement already satisfied: fastapi==0.63.0 in /usr/local/lib/python3.6/site-packages (from mlserver->mlserver-sklearn===0.3.0.dev0.tempo) (0.63.0)
Requirement already satisfied: uvicorn==0.13.3 in /usr/local/lib/python3.6/site-packages (from mlserver->mlserver-sklearn===0.3.0.dev0.tempo) (0.13.3)
Requirement already satisfied: orjson==3.4.6 in /usr/local/lib/python3.6/site-packages (from mlserver->mlserver-sklearn===0.3.0.dev0.tempo) (3.4.6)
Requirement already satisfied: click==7.1.2 in /usr/local/lib/python3.6/site-packages (from mlserver->mlserver-sklearn===0.3.0.dev0.tempo) (7.1.2)
Requirement already satisfied: numpy>=1.13.3 in /usr/local/lib/python3.6/site-packages (from scikit-learn==0.23.1->mlserver-sklearn===0.3.0.dev0.tempo) (1.19.2)
Requirement already satisfied: scipy>=0.19.1 in /usr/local/lib/python3.6/site-packages (from scikit-learn==0.23.1->mlserver-sklearn===0.3.0.dev0.tempo) (1.5.2)
Requirement already satisfied: threadpoolctl>=2.0.0 in /usr/local/lib/python3.6/site-packages (from scikit-learn==0.23.1->mlserver-sklearn===0.3.0.dev0.tempo) (2.1.0)
Requirement already satisfied: six>=1.5.2 in /usr/local/lib/python3.6/site-packages (from grpcio==1.35.0->mlserver->mlserver-sklearn===0.3.0.dev0.tempo) (1.15.0)
Requirement already satisfied: pydantic<2.0.0,>=1.0.0 in /usr/local/lib/python3.6/site-packages (from fastapi==0.63.0->mlserver->mlserver-sklearn===0.3.0.dev0.tempo) (1.7.3)
Requirement already satisfied: starlette==0.13.6 in /usr/local/lib/python3.6/site-packages (from fastapi==0.63.0->mlserver->mlserver-sklearn===0.3.0.dev0.tempo) (0.13.6)
Requirement already satisfied: typing-extensions; python_version < "3.8" in /usr/local/lib/python3.6/site-packages (from uvicorn==0.13.3->mlserver->mlserver-sklearn===0.3.0.dev0.tempo) (3.7.4.3)
Requirement already satisfied: h11>=0.8 in /usr/local/lib/python3.6/site-packages (from uvicorn==0.13.3->mlserver->mlserver-sklearn===0.3.0.dev0.tempo) (0.12.0)
Requirement already satisfied: dataclasses>=0.6; python_version < "3.7" in /usr/local/lib/python3.6/site-packages (from pydantic<2.0.0,>=1.0.0->fastapi==0.63.0->mlserver->mlserver-sklearn===0.3.0.dev0.tempo) (0.8)
Installing collected packages: scikit-learn, mlserver-sklearn
  Attempting uninstall: scikit-learn
    Found existing installation: scikit-learn 0.23.2
    Uninstalling scikit-learn-0.23.2:
      Successfully uninstalled scikit-learn-0.23.2
  Running setup.py develop for mlserver-sklearn
ERROR: After October 2020 you may experience errors when installing or updating packages. This is because pip will change the way that it resolves dependency conflicts.

We recommend you use --use-feature=2020-resolver to test your packages with the new resolver before it becomes the default.

alibi 0.5.2 requires tensorflow>=2.0, but you'll have tensorflow 1.15.2 which is incompatible.
Successfully installed mlserver-sklearn scikit-learn-0.23.1
WARNING: You are using pip version 20.2.3; however, version 21.0 is available.
You should consider upgrading via the '/usr/local/bin/python -m pip install --upgrade pip' command.
pip install --editable ./runtimes/xgboost
Obtaining file:///workspace/source/runtimes/xgboost
Requirement already satisfied: mlserver in /workspace/source (from mlserver-xgboost===0.3.0.dev0.tempo) (0.3.0.dev0.tempo)
Collecting xgboost==1.1.1
  Downloading xgboost-1.1.1-py3-none-manylinux2010_x86_64.whl (127.6 MB)
Requirement already satisfied: grpcio==1.35.0 in /usr/local/lib/python3.6/site-packages (from mlserver->mlserver-xgboost===0.3.0.dev0.tempo) (1.35.0)
Requirement already satisfied: protobuf==3.14.0 in /usr/local/lib/python3.6/site-packages (from mlserver->mlserver-xgboost===0.3.0.dev0.tempo) (3.14.0)
Requirement already satisfied: fastapi==0.63.0 in /usr/local/lib/python3.6/site-packages (from mlserver->mlserver-xgboost===0.3.0.dev0.tempo) (0.63.0)
Requirement already satisfied: uvicorn==0.13.3 in /usr/local/lib/python3.6/site-packages (from mlserver->mlserver-xgboost===0.3.0.dev0.tempo) (0.13.3)
Requirement already satisfied: orjson==3.4.6 in /usr/local/lib/python3.6/site-packages (from mlserver->mlserver-xgboost===0.3.0.dev0.tempo) (3.4.6)
Requirement already satisfied: click==7.1.2 in /usr/local/lib/python3.6/site-packages (from mlserver->mlserver-xgboost===0.3.0.dev0.tempo) (7.1.2)
Requirement already satisfied: numpy in /usr/local/lib/python3.6/site-packages (from xgboost==1.1.1->mlserver-xgboost===0.3.0.dev0.tempo) (1.19.2)
Requirement already satisfied: scipy in /usr/local/lib/python3.6/site-packages (from xgboost==1.1.1->mlserver-xgboost===0.3.0.dev0.tempo) (1.5.2)
Requirement already satisfied: six>=1.5.2 in /usr/local/lib/python3.6/site-packages (from grpcio==1.35.0->mlserver->mlserver-xgboost===0.3.0.dev0.tempo) (1.15.0)
Requirement already satisfied: starlette==0.13.6 in /usr/local/lib/python3.6/site-packages (from fastapi==0.63.0->mlserver->mlserver-xgboost===0.3.0.dev0.tempo) (0.13.6)
Requirement already satisfied: pydantic<2.0.0,>=1.0.0 in /usr/local/lib/python3.6/site-packages (from fastapi==0.63.0->mlserver->mlserver-xgboost===0.3.0.dev0.tempo) (1.7.3)
Requirement already satisfied: h11>=0.8 in /usr/local/lib/python3.6/site-packages (from uvicorn==0.13.3->mlserver->mlserver-xgboost===0.3.0.dev0.tempo) (0.12.0)
Requirement already satisfied: typing-extensions; python_version < "3.8" in /usr/local/lib/python3.6/site-packages (from uvicorn==0.13.3->mlserver->mlserver-xgboost===0.3.0.dev0.tempo) (3.7.4.3)
Requirement already satisfied: dataclasses>=0.6; python_version < "3.7" in /usr/local/lib/python3.6/site-packages (from pydantic<2.0.0,>=1.0.0->fastapi==0.63.0->mlserver->mlserver-xgboost===0.3.0.dev0.tempo) (0.8)
Installing collected packages: xgboost, mlserver-xgboost
  Running setup.py develop for mlserver-xgboost
Successfully installed mlserver-xgboost xgboost-1.1.1
WARNING: You are using pip version 20.2.3; however, version 21.0 is available.
You should consider upgrading via the '/usr/local/bin/python -m pip install --upgrade pip' command.
pip install --editable ./runtimes/mllib
Obtaining file:///workspace/source/runtimes/mllib
Requirement already satisfied: mlserver in /workspace/source (from mlserver-mllib===0.3.0.dev0.tempo) (0.3.0.dev0.tempo)
Collecting pyspark==3.0.1
  Downloading pyspark-3.0.1.tar.gz (204.2 MB)
Requirement already satisfied: grpcio==1.35.0 in /usr/local/lib/python3.6/site-packages (from mlserver->mlserver-mllib===0.3.0.dev0.tempo) (1.35.0)
Requirement already satisfied: protobuf==3.14.0 in /usr/local/lib/python3.6/site-packages (from mlserver->mlserver-mllib===0.3.0.dev0.tempo) (3.14.0)
Requirement already satisfied: fastapi==0.63.0 in /usr/local/lib/python3.6/site-packages (from mlserver->mlserver-mllib===0.3.0.dev0.tempo) (0.63.0)
Requirement already satisfied: uvicorn==0.13.3 in /usr/local/lib/python3.6/site-packages (from mlserver->mlserver-mllib===0.3.0.dev0.tempo) (0.13.3)
Requirement already satisfied: orjson==3.4.6 in /usr/local/lib/python3.6/site-packages (from mlserver->mlserver-mllib===0.3.0.dev0.tempo) (3.4.6)
Requirement already satisfied: click==7.1.2 in /usr/local/lib/python3.6/site-packages (from mlserver->mlserver-mllib===0.3.0.dev0.tempo) (7.1.2)
Collecting py4j==0.10.9
  Downloading py4j-0.10.9-py2.py3-none-any.whl (198 kB)
Requirement already satisfied: six>=1.5.2 in /usr/local/lib/python3.6/site-packages (from grpcio==1.35.0->mlserver->mlserver-mllib===0.3.0.dev0.tempo) (1.15.0)
Requirement already satisfied: starlette==0.13.6 in /usr/local/lib/python3.6/site-packages (from fastapi==0.63.0->mlserver->mlserver-mllib===0.3.0.dev0.tempo) (0.13.6)
Requirement already satisfied: pydantic<2.0.0,>=1.0.0 in /usr/local/lib/python3.6/site-packages (from fastapi==0.63.0->mlserver->mlserver-mllib===0.3.0.dev0.tempo) (1.7.3)
Requirement already satisfied: h11>=0.8 in /usr/local/lib/python3.6/site-packages (from uvicorn==0.13.3->mlserver->mlserver-mllib===0.3.0.dev0.tempo) (0.12.0)
Requirement already satisfied: typing-extensions; python_version < "3.8" in /usr/local/lib/python3.6/site-packages (from uvicorn==0.13.3->mlserver->mlserver-mllib===0.3.0.dev0.tempo) (3.7.4.3)
Requirement already satisfied: dataclasses>=0.6; python_version < "3.7" in /usr/local/lib/python3.6/site-packages (from pydantic<2.0.0,>=1.0.0->fastapi==0.63.0->mlserver->mlserver-mllib===0.3.0.dev0.tempo) (0.8)
Building wheels for collected packages: pyspark
  Building wheel for pyspark (setup.py): started
  Building wheel for pyspark (setup.py): finished with status 'done'
  Created wheel for pyspark: filename=pyspark-3.0.1-py2.py3-none-any.whl size=204612243 sha256=8f6d82d12dad11e23c6a6b965594d915b44b7ec62670ddc35cafe0ae35f07fec
  Stored in directory: /builder/home/.cache/pip/wheels/32/d6/81/b226c0fb07391610277bc3e3fcc50b24bae5040b71d9dba360
Successfully built pyspark
Installing collected packages: py4j, pyspark, mlserver-mllib
  Running setup.py develop for mlserver-mllib
Successfully installed mlserver-mllib py4j-0.10.9 pyspark-3.0.1
WARNING: You are using pip version 20.2.3; however, version 21.0 is available.
You should consider upgrading via the '/usr/local/bin/python -m pip install --upgrade pip' command.
pip install --editable ./runtimes/lightgbm
Obtaining file:///workspace/source/runtimes/lightgbm
Requirement already satisfied: mlserver in /workspace/source (from mlserver-lightgbm===0.3.0.dev0.tempo) (0.3.0.dev0.tempo)
Collecting lightgbm==2.3.1
  Downloading lightgbm-2.3.1-py2.py3-none-manylinux1_x86_64.whl (1.2 MB)
Collecting pandas==0.25.3
  Downloading pandas-0.25.3-cp36-cp36m-manylinux1_x86_64.whl (10.4 MB)
Requirement already satisfied: grpcio==1.35.0 in /usr/local/lib/python3.6/site-packages (from mlserver->mlserver-lightgbm===0.3.0.dev0.tempo) (1.35.0)
Requirement already satisfied: protobuf==3.14.0 in /usr/local/lib/python3.6/site-packages (from mlserver->mlserver-lightgbm===0.3.0.dev0.tempo) (3.14.0)
Requirement already satisfied: fastapi==0.63.0 in /usr/local/lib/python3.6/site-packages (from mlserver->mlserver-lightgbm===0.3.0.dev0.tempo) (0.63.0)
Requirement already satisfied: uvicorn==0.13.3 in /usr/local/lib/python3.6/site-packages (from mlserver->mlserver-lightgbm===0.3.0.dev0.tempo) (0.13.3)
Requirement already satisfied: orjson==3.4.6 in /usr/local/lib/python3.6/site-packages (from mlserver->mlserver-lightgbm===0.3.0.dev0.tempo) (3.4.6)
Requirement already satisfied: click==7.1.2 in /usr/local/lib/python3.6/site-packages (from mlserver->mlserver-lightgbm===0.3.0.dev0.tempo) (7.1.2)
Requirement already satisfied: scipy in /usr/local/lib/python3.6/site-packages (from lightgbm==2.3.1->mlserver-lightgbm===0.3.0.dev0.tempo) (1.5.2)
Requirement already satisfied: scikit-learn in /usr/local/lib/python3.6/site-packages (from lightgbm==2.3.1->mlserver-lightgbm===0.3.0.dev0.tempo) (0.23.1)
Requirement already satisfied: numpy in /usr/local/lib/python3.6/site-packages (from lightgbm==2.3.1->mlserver-lightgbm===0.3.0.dev0.tempo) (1.19.2)
Requirement already satisfied: python-dateutil>=2.6.1 in /usr/local/lib/python3.6/site-packages (from pandas==0.25.3->mlserver-lightgbm===0.3.0.dev0.tempo) (2.8.1)
Requirement already satisfied: pytz>=2017.2 in /usr/local/lib/python3.6/site-packages (from pandas==0.25.3->mlserver-lightgbm===0.3.0.dev0.tempo) (2020.1)
Requirement already satisfied: six>=1.5.2 in /usr/local/lib/python3.6/site-packages (from grpcio==1.35.0->mlserver->mlserver-lightgbm===0.3.0.dev0.tempo) (1.15.0)
Requirement already satisfied: pydantic<2.0.0,>=1.0.0 in /usr/local/lib/python3.6/site-packages (from fastapi==0.63.0->mlserver->mlserver-lightgbm===0.3.0.dev0.tempo) (1.7.3)
Requirement already satisfied: starlette==0.13.6 in /usr/local/lib/python3.6/site-packages (from fastapi==0.63.0->mlserver->mlserver-lightgbm===0.3.0.dev0.tempo) (0.13.6)
Requirement already satisfied: h11>=0.8 in /usr/local/lib/python3.6/site-packages (from uvicorn==0.13.3->mlserver->mlserver-lightgbm===0.3.0.dev0.tempo) (0.12.0)
Requirement already satisfied: typing-extensions; python_version < "3.8" in /usr/local/lib/python3.6/site-packages (from uvicorn==0.13.3->mlserver->mlserver-lightgbm===0.3.0.dev0.tempo) (3.7.4.3)
Requirement already satisfied: joblib>=0.11 in /usr/local/lib/python3.6/site-packages (from scikit-learn->lightgbm==2.3.1->mlserver-lightgbm===0.3.0.dev0.tempo) (0.16.0)
Requirement already satisfied: threadpoolctl>=2.0.0 in /usr/local/lib/python3.6/site-packages (from scikit-learn->lightgbm==2.3.1->mlserver-lightgbm===0.3.0.dev0.tempo) (2.1.0)
Requirement already satisfied: dataclasses>=0.6; python_version < "3.7" in /usr/local/lib/python3.6/site-packages (from pydantic<2.0.0,>=1.0.0->fastapi==0.63.0->mlserver->mlserver-lightgbm===0.3.0.dev0.tempo) (0.8)
Installing collected packages: lightgbm, pandas, mlserver-lightgbm
  Attempting uninstall: pandas
    Found existing installation: pandas 1.1.2
    Uninstalling pandas-1.1.2:
      Successfully uninstalled pandas-1.1.2
  Running setup.py develop for mlserver-lightgbm
ERROR: After October 2020 you may experience errors when installing or updating packages. This is because pip will change the way that it resolves dependency conflicts.

We recommend you use --use-feature=2020-resolver to test your packages with the new resolver before it becomes the default.

alibi 0.5.2 requires tensorflow>=2.0, but you'll have tensorflow 1.15.2 which is incompatible.
Successfully installed lightgbm-2.3.1 mlserver-lightgbm pandas-0.25.3
WARNING: You are using pip version 20.2.3; however, version 21.0 is available.
You should consider upgrading via the '/usr/local/bin/python -m pip install --upgrade pip' command.
pip install --editable ./runtimes/tempo
Obtaining file:///workspace/source/runtimes/tempo
Requirement already satisfied: mlserver in /workspace/source (from mlserver-tempo===0.3.0.dev0.tempo) (0.3.0.dev0.tempo)
Collecting tempo@ git+ssh://git@github.com/SeldonIO/tempo#egg=tempo
  Cloning ssh://****@github.com/SeldonIO/tempo to /tmp/pip-install-edca28ox/tempo
ERROR: Command errored out with exit status 128: git clone -q 'ssh://****@github.com/SeldonIO/tempo' /tmp/pip-install-edca28ox/tempo Check the logs for full command output.
WARNING: You are using pip version 20.2.3; however, version 21.0 is available.
You should consider upgrading via the '/usr/local/bin/python -m pip install --upgrade pip' command.
make: *** [Makefile:13: install-dev] Error 1
[31m
Pipeline failed on stage 'test' : container 'step-step2'. The execution of the pipeline has stopped.[0m
